<?xml version="1.0" encoding="UTF-8"?>
<testng-results ignored="0" total="1" passed="1" failed="0" skipped="0">
  <reporter-output>
  </reporter-output>
  <suite started-at="2023-05-03T14:14:49 IST" name="Default suite" finished-at="2023-05-03T14:15:38 IST" duration-ms="49022">
    <groups>
    </groups>
    <test started-at="2023-05-03T14:14:49 IST" name="Default test" finished-at="2023-05-03T14:15:38 IST" duration-ms="49022">
      <class name="com.example.demo2.sampletest2.report">
        <test-method is-config="true" signature="beforeMethod()[pri:0, instance:com.example.demo2.sampletest2.report@4470fbd6]" started-at="2023-05-03T14:14:49 IST" name="beforeMethod" finished-at="2023-05-03T14:15:37 IST" duration-ms="47814" status="PASS">
          <reporter-output>
          </reporter-output>
        </test-method> <!-- beforeMethod -->
        <test-method signature="t1()[pri:0, instance:com.example.demo2.sampletest2.report@4470fbd6]" started-at="2023-05-03T14:15:37 IST" name="t1" finished-at="2023-05-03T14:15:37 IST" duration-ms="59" status="PASS">
          <reporter-output>
          </reporter-output>
        </test-method> <!-- t1 -->
        <test-method is-config="true" signature="afterMethod(org.testng.ITestResult)[pri:0, instance:com.example.demo2.sampletest2.report@4470fbd6]" started-at="2023-05-03T14:15:37 IST" name="afterMethod" finished-at="2023-05-03T14:15:38 IST" duration-ms="1108" status="PASS">
          <params>
            <param index="0">
              <value>
                <![CDATA[[TestResult name=t1 status=SUCCESS method=report.t1()[pri:0, instance:com.example.demo2.sampletest2.report@4470fbd6] output={null}]]]>
              </value>
            </param>
          </params>
          <reporter-output>
          </reporter-output>
        </test-method> <!-- afterMethod -->
      </class> <!-- com.example.demo2.sampletest2.report -->
    </test> <!-- Default test -->
  </suite> <!-- Default suite -->
</testng-results>
